0 info it worked if it ends with ok
1 verbose cli [ 'C:\\Program Files\\nodejs\\\\node.exe',
1 verbose cli   'C:\\Program Files\\nodejs\\node_modules\\npm\\bin\\npm-cli.js',
1 verbose cli   'start' ]
2 info using npm@1.1.36
3 info using node@v0.8.2
4 verbose node symlink C:\Program Files\nodejs\\node.exe
5 verbose config file C:\Documents and Settings\L\.npmrc
6 verbose config file C:\Program Files\nodejs\etc\npmrc
7 verbose config file C:\Program Files\nodejs\node_modules\npm\npmrc
8 verbose read json C:\Documents and Settings\L\My Documents\code\prdxt\prdxtweb\package.json
9 verbose run-script [ 'prestart', 'start', 'poststart' ]
10 info prestart prdxtweb@0.0.1
11 info start prdxtweb@0.0.1
12 verbose unsafe-perm in lifecycle true
13 silly exec cmd "/c" "node app.js"
14 silly cmd,/c,node app.js,C:\Documents and Settings\L\My Documents\code\prdxt\prdxtweb spawning
15 info prdxtweb@0.0.1 Failed to exec start script
16 error prdxtweb@0.0.1 start: `node app.js`
16 error `cmd "/c" "node app.js"` failed with 1
17 error Failed at the prdxtweb@0.0.1 start script.
17 error This is most likely a problem with the prdxtweb package,
17 error not with npm itself.
17 error Tell the author that this fails on your system:
17 error     node app.js
17 error You can get their info via:
17 error     npm owner ls prdxtweb
17 error There is likely additional logging output above.
18 error System Windows_NT 5.1.2600
19 error command "C:\\Program Files\\nodejs\\\\node.exe" "C:\\Program Files\\nodejs\\node_modules\\npm\\bin\\npm-cli.js" "start"
20 error cwd C:\Documents and Settings\L\My Documents\code\prdxt\prdxtweb
21 error node -v v0.8.2
22 error npm -v 1.1.36
23 error code ELIFECYCLE
24 error message prdxtweb@0.0.1 start: `node app.js`
24 error message `cmd "/c" "node app.js"` failed with 1
25 verbose exit [ 1, true ]
